{
  "RSpec": {
    "coverage": {
      "/Users/clayjuneau/Documents/GitHub/Ruby-BookCollection/bookcollection/spec/rails_helper.rb": {
        "lines": [
          null,
          1,
          1,
          1,
          null,
          1,
          1,
          null,
          null,
          null,
          null,
          null,
          null,
          null,
          null,
          null,
          null,
          null,
          null,
          null,
          null,
          null,
          null,
          null,
          null,
          null,
          null,
          1,
          null,
          0,
          0,
          null,
          1,
          null,
          1,
          null,
          null,
          null,
          null,
          1,
          null,
          null,
          null,
          null,
          null,
          null,
          null,
          null,
          null,
          null,
          null,
          null,
          null,
          null,
          null,
          null,
          null,
          1,
          null,
          null,
          1,
          null,
          null,
          null
        ]
      },
      "/Users/clayjuneau/Documents/GitHub/Ruby-BookCollection/bookcollection/config/environment.rb": {
        "lines": [
          null,
          1,
          null,
          null,
          1
        ]
      },
      "/Users/clayjuneau/Documents/GitHub/Ruby-BookCollection/bookcollection/config/application.rb": {
        "lines": [
          1,
          null,
          1,
          null,
          null,
          null,
          1,
          null,
          1,
          1,
          null,
          1,
          null,
          null,
          null,
          null,
          null,
          null,
          null
        ]
      },
      "/Users/clayjuneau/Documents/GitHub/Ruby-BookCollection/bookcollection/config/boot.rb": {
        "lines": [
          1,
          null,
          1,
          1
        ]
      },
      "/Users/clayjuneau/Documents/GitHub/Ruby-BookCollection/bookcollection/config/environments/test.rb": {
        "lines": [
          null,
          null,
          null,
          null,
          null,
          1,
          null,
          null,
          1,
          1,
          null,
          null,
          null,
          null,
          1,
          null,
          null,
          1,
          1,
          null,
          null,
          null,
          null,
          1,
          1,
          1,
          null,
          null,
          1,
          null,
          null,
          1,
          null,
          null,
          1,
          null,
          1,
          null,
          null,
          null,
          null,
          1,
          null,
          null,
          1,
          null,
          null,
          null,
          null
        ]
      },
      "/Users/clayjuneau/Documents/GitHub/Ruby-BookCollection/bookcollection/config/initializers/application_controller_renderer.rb": {
        "lines": [
          null,
          null,
          null,
          null,
          null,
          null,
          null,
          null
        ]
      },
      "/Users/clayjuneau/Documents/GitHub/Ruby-BookCollection/bookcollection/config/initializers/assets.rb": {
        "lines": [
          null,
          null,
          null,
          1,
          null,
          null,
          null,
          null,
          1,
          null,
          null,
          null,
          null,
          null
        ]
      },
      "/Users/clayjuneau/Documents/GitHub/Ruby-BookCollection/bookcollection/config/initializers/backtrace_silencers.rb": {
        "lines": [
          null,
          null,
          null,
          null,
          null,
          null,
          null
        ]
      },
      "/Users/clayjuneau/Documents/GitHub/Ruby-BookCollection/bookcollection/config/initializers/content_security_policy.rb": {
        "lines": [
          null,
          null,
          null,
          null,
          null,
          null,
          null,
          null,
          null,
          null,
          null,
          null,
          null,
          null,
          null,
          null,
          null,
          null,
          null,
          null,
          null,
          null,
          null,
          null,
          null,
          null,
          null,
          null,
          null,
          null
        ]
      },
      "/Users/clayjuneau/Documents/GitHub/Ruby-BookCollection/bookcollection/config/initializers/cookies_serializer.rb": {
        "lines": [
          null,
          null,
          null,
          null,
          1
        ]
      },
      "/Users/clayjuneau/Documents/GitHub/Ruby-BookCollection/bookcollection/config/initializers/filter_parameter_logging.rb": {
        "lines": [
          null,
          null,
          null,
          1
        ]
      },
      "/Users/clayjuneau/Documents/GitHub/Ruby-BookCollection/bookcollection/config/initializers/inflections.rb": {
        "lines": [
          null,
          null,
          null,
          null,
          null,
          null,
          null,
          null,
          null,
          null,
          null,
          null,
          null,
          null,
          null,
          null
        ]
      },
      "/Users/clayjuneau/Documents/GitHub/Ruby-BookCollection/bookcollection/config/initializers/mime_types.rb": {
        "lines": [
          null,
          null,
          null,
          null
        ]
      },
      "/Users/clayjuneau/Documents/GitHub/Ruby-BookCollection/bookcollection/config/initializers/wrap_parameters.rb": {
        "lines": [
          null,
          null,
          null,
          null,
          null,
          null,
          1,
          2,
          null,
          null,
          null,
          null,
          null,
          null
        ]
      },
      "/Users/clayjuneau/Documents/GitHub/Ruby-BookCollection/bookcollection/config/routes.rb": {
        "lines": [
          1,
          null,
          1,
          1,
          1,
          null,
          null,
          null,
          null,
          null,
          null,
          null,
          null,
          null,
          null
        ]
      },
      "/Users/clayjuneau/Documents/GitHub/Ruby-BookCollection/bookcollection/app/helpers/application_helper.rb": {
        "lines": [
          1,
          null,
          1,
          5,
          null,
          null
        ]
      },
      "/Users/clayjuneau/Documents/GitHub/Ruby-BookCollection/bookcollection/app/helpers/books_helper.rb": {
        "lines": [
          1,
          null
        ]
      },
      "/Users/clayjuneau/Documents/GitHub/Ruby-BookCollection/bookcollection/app/controllers/application_controller.rb": {
        "lines": [
          1,
          null
        ]
      },
      "/Users/clayjuneau/Documents/GitHub/Ruby-BookCollection/bookcollection/app/controllers/books_controller.rb": {
        "lines": [
          1,
          1,
          11,
          null,
          null,
          1,
          1,
          null,
          null,
          1,
          4,
          null,
          null,
          1,
          4,
          4,
          4,
          4,
          null,
          0,
          null,
          null,
          null,
          1,
          1,
          null,
          null,
          1,
          1,
          1,
          1,
          1,
          null,
          0,
          null,
          null,
          null,
          1,
          1,
          null,
          null,
          1,
          1,
          1,
          1,
          1,
          null,
          null,
          1,
          1,
          5,
          null,
          null,
          null,
          null
        ]
      },
      "/Users/clayjuneau/Documents/GitHub/Ruby-BookCollection/bookcollection/app/models/book.rb": {
        "lines": [
          1,
          null
        ]
      },
      "/Users/clayjuneau/Documents/GitHub/Ruby-BookCollection/bookcollection/app/models/application_record.rb": {
        "lines": [
          1,
          1,
          null
        ]
      }
    },
    "timestamp": 1608154297
  }
}
